 
****************************************
Report : area
Design : sha256_core
Version: M-2016.12-SP2
Date   : Mon Jan  6 16:22:54 2020
****************************************

Library(s) Used:

    ROHM18_WO_FF (File: /home/hoailuan/proj-emin/rohm18/rohm018lib/synthesis/lib/ROHM18_WO_FF.db)
    ROHM18_FF (File: /home/hoailuan/proj-emin/rohm18/rohm018lib/synthesis/lib/ROHM18_FF.db)

Number of ports:                       488535
Number of nets:                        944467
Number of cells:                       424540
Number of combinational cells:         322297
Number of sequential cells:            100543
Number of macros/black boxes:               0
Number of buf/inv:                     140398
Number of references:                       9

Combinational area:            5741967.848680
Buf/Inv area:                  1364348.128724
Noncombinational area:         6716928.375114
Macro/Black Box area:                0.000000
Net Interconnect area:      undefined  (Wire load has zero net area)

Total cell area:              12458896.223795
Total area:                 undefined

Information: This design contains unmapped logic. (RPT-7)
1
